mode: set
oxygenfs/common.go:19.30,21.2 1 0
oxygenfs/common.go:29.34,31.2 1 0
oxygenfs/common.go:38.29,38.51 1 0
oxygenfs/common.go:45.38,50.2 4 0
oxygenfs/main.go:15.20,19.2 3 0
oxygenfs/main.go:25.38,30.6 2 1
oxygenfs/main.go:42.2,42.12 1 1
oxygenfs/main.go:30.6,32.17 2 1
oxygenfs/main.go:39.3,39.28 1 1
oxygenfs/main.go:32.17,33.21 1 1
oxygenfs/main.go:36.4,36.14 1 0
oxygenfs/main.go:33.21,34.10 1 1
oxygenfs/main.go:45.13,49.22 3 0
oxygenfs/main.go:53.2,55.16 3 0
oxygenfs/main.go:58.2,61.16 3 0
oxygenfs/main.go:66.2,67.37 2 0
oxygenfs/main.go:49.22,52.3 2 0
oxygenfs/main.go:55.16,57.3 1 0
oxygenfs/main.go:61.16,63.3 1 0
oxygenfs/main.go:67.37,69.3 1 0
oxygenfs/oxygen.go:25.52,37.35 5 1
oxygenfs/oxygen.go:47.2,52.33 2 1
oxygenfs/oxygen.go:80.2,82.23 2 1
oxygenfs/oxygen.go:37.35,44.3 1 0
oxygenfs/oxygen.go:44.4,46.3 1 1
oxygenfs/oxygen.go:52.33,78.3 3 1
oxygenfs/oxygen.go:83.2,88.30 2 1
oxygenfs/oxygen.go:91.2,96.15 3 1
oxygenfs/oxygen.go:191.2,207.15 3 1
oxygenfs/oxygen.go:230.2,240.12 2 1
oxygenfs/oxygen.go:295.3,296.15 2 0
oxygenfs/oxygen.go:444.2,446.14 2 1
oxygenfs/oxygen.go:240.12,261.9 3 1
oxygenfs/oxygen.go:263.5,294.4 0 0
oxygenfs/test_tools.go:31.27,32.16 1 1
oxygenfs/test_tools.go:35.2,36.40 2 1
oxygenfs/test_tools.go:49.2,52.38 4 1
oxygenfs/test_tools.go:32.16,34.3 1 0
oxygenfs/test_tools.go:36.40,38.17 2 1
oxygenfs/test_tools.go:47.3,47.8 1 1
oxygenfs/test_tools.go:38.17,40.20 1 0
oxygenfs/test_tools.go:44.4,45.12 2 0
oxygenfs/test_tools.go:40.20,43.5 1 0
oxygenfs/test_tools.go:61.58,67.2 2 1
oxygenfs/test_tools.go:69.69,71.16 2 1
oxygenfs/test_tools.go:74.2,76.16 3 1
oxygenfs/test_tools.go:80.2,88.12 4 1
oxygenfs/test_tools.go:93.2,93.9 1 1
oxygenfs/test_tools.go:71.16,73.3 1 0
oxygenfs/test_tools.go:76.16,78.3 1 0
oxygenfs/test_tools.go:88.12,91.3 2 1
oxygenfs/test_tools.go:94.2,95.33 1 1
oxygenfs/test_tools.go:98.3,98.18 1 1
oxygenfs/test_tools.go:99.2,101.17 1 0
oxygenfs/test_tools.go:104.3,104.47 1 0
oxygenfs/test_tools.go:95.33,97.4 1 0
oxygenfs/test_tools.go:101.17,103.4 1 0
