mode: set
oxygen-fuse-fs/oxygenfs/common.go:21.30,23.2 1 0
oxygen-fuse-fs/oxygenfs/common.go:30.41,30.63 1 0
oxygen-fuse-fs/oxygenfs/common.go:37.91,41.2 1 0
oxygen-fuse-fs/oxygenfs/common.go:43.107,47.2 3 1
oxygen-fuse-fs/oxygenfs/common.go:49.84,53.2 3 1
oxygen-fuse-fs/oxygenfs/common.go:55.54,60.2 1 1
oxygen-fuse-fs/oxygenfs/common.go:62.38,67.2 4 0
oxygen-fuse-fs/oxygenfs/common.go:69.33,71.2 1 1
oxygen-fuse-fs/oxygenfs/common.go:75.62,77.2 1 1
oxygen-fuse-fs/oxygenfs/handle.go:35.54,40.2 1 1
oxygen-fuse-fs/oxygenfs/handle.go:42.107,59.2 7 1
oxygen-fuse-fs/oxygenfs/handle.go:61.73,67.2 4 1
oxygen-fuse-fs/oxygenfs/handle.go:69.68,75.2 4 0
oxygen-fuse-fs/oxygenfs/handle.go:78.34,79.2 0 0
oxygen-fuse-fs/oxygenfs/handle.go:81.83,85.24 3 0
oxygen-fuse-fs/oxygenfs/handle.go:133.2,133.39 1 0
oxygen-fuse-fs/oxygenfs/handle.go:140.2,142.19 3 0
oxygen-fuse-fs/oxygenfs/handle.go:145.2,145.37 1 0
oxygen-fuse-fs/oxygenfs/handle.go:85.24,89.17 2 0
oxygen-fuse-fs/oxygenfs/handle.go:92.3,95.40 2 0
oxygen-fuse-fs/oxygenfs/handle.go:100.3,101.17 2 0
oxygen-fuse-fs/oxygenfs/handle.go:106.3,108.17 3 0
oxygen-fuse-fs/oxygenfs/handle.go:112.3,113.51 2 0
oxygen-fuse-fs/oxygenfs/handle.go:128.3,128.21 1 0
oxygen-fuse-fs/oxygenfs/handle.go:89.17,91.4 1 0
oxygen-fuse-fs/oxygenfs/handle.go:95.40,97.4 1 0
oxygen-fuse-fs/oxygenfs/handle.go:101.17,103.4 1 0
oxygen-fuse-fs/oxygenfs/handle.go:108.17,110.4 1 0
oxygen-fuse-fs/oxygenfs/handle.go:113.51,115.27 2 0
oxygen-fuse-fs/oxygenfs/handle.go:121.4,126.44 2 0
oxygen-fuse-fs/oxygenfs/handle.go:116.4,117.29 1 0
oxygen-fuse-fs/oxygenfs/handle.go:118.4,119.30 1 0
oxygen-fuse-fs/oxygenfs/handle.go:133.39,136.3 2 0
oxygen-fuse-fs/oxygenfs/handle.go:142.19,144.3 1 0
oxygen-fuse-fs/oxygenfs/handle.go:148.31,150.2 0 0
oxygen-fuse-fs/oxygenfs/main.go:21.20,25.2 3 0
oxygen-fuse-fs/oxygenfs/main.go:31.62,34.6 2 1
oxygen-fuse-fs/oxygenfs/main.go:46.2,46.12 1 1
oxygen-fuse-fs/oxygenfs/main.go:34.6,36.17 2 1
oxygen-fuse-fs/oxygenfs/main.go:43.3,43.28 1 1
oxygen-fuse-fs/oxygenfs/main.go:36.17,37.21 1 1
oxygen-fuse-fs/oxygenfs/main.go:40.4,40.14 1 0
oxygen-fuse-fs/oxygenfs/main.go:37.21,38.10 1 1
oxygen-fuse-fs/oxygenfs/main.go:49.13,53.22 3 0
oxygen-fuse-fs/oxygenfs/main.go:57.2,59.16 3 0
oxygen-fuse-fs/oxygenfs/main.go:62.2,66.16 4 0
oxygen-fuse-fs/oxygenfs/main.go:71.2,72.37 2 0
oxygen-fuse-fs/oxygenfs/main.go:53.22,56.3 2 0
oxygen-fuse-fs/oxygenfs/main.go:59.16,61.3 1 0
oxygen-fuse-fs/oxygenfs/main.go:66.16,68.3 1 0
oxygen-fuse-fs/oxygenfs/main.go:72.37,74.3 1 0
oxygen-fuse-fs/oxygenfs/oxygenfs.go:40.50,49.2 2 1
oxygen-fuse-fs/oxygenfs/oxygenfs.go:51.58,59.35 4 1
oxygen-fuse-fs/oxygenfs/oxygenfs.go:60.2,65.36 2 1
oxygen-fuse-fs/oxygenfs/oxygenfs.go:68.2,69.32 1 1
oxygen-fuse-fs/oxygenfs/oxygenfs.go:71.2,72.32 1 0
oxygen-fuse-fs/oxygenfs/oxygenfs.go:74.2,75.32 1 0
oxygen-fuse-fs/oxygenfs/oxygenfs.go:77.2,78.34 1 1
oxygen-fuse-fs/oxygenfs/oxygenfs.go:80.2,81.34 1 1
oxygen-fuse-fs/oxygenfs/oxygenfs.go:83.2,84.34 1 1
oxygen-fuse-fs/oxygenfs/oxygenfs.go:86.2,87.33 1 1
oxygen-fuse-fs/oxygenfs/requests.go:24.47,26.2 1 1
oxygen-fuse-fs/oxygenfs/requests.go:28.66,29.22 1 0
oxygen-fuse-fs/oxygenfs/requests.go:35.2,37.26 2 0
oxygen-fuse-fs/oxygenfs/requests.go:42.2,44.17 3 0
oxygen-fuse-fs/oxygenfs/requests.go:53.2,54.27 2 0
oxygen-fuse-fs/oxygenfs/requests.go:29.22,32.3 2 0
oxygen-fuse-fs/oxygenfs/requests.go:37.26,40.3 2 0
oxygen-fuse-fs/oxygenfs/requests.go:44.17,46.17 2 0
oxygen-fuse-fs/oxygenfs/requests.go:46.17,48.4 1 0
oxygen-fuse-fs/oxygenfs/requests.go:49.4,51.3 0 0
oxygen-fuse-fs/oxygenfs/requests.go:57.66,63.2 3 1
oxygen-fuse-fs/oxygenfs/requests.go:65.66,70.2 3 0
oxygen-fuse-fs/oxygenfs/requests.go:72.110,83.2 3 1
oxygen-fuse-fs/oxygenfs/requests.go:85.70,88.16 3 1
oxygen-fuse-fs/oxygenfs/requests.go:95.2,98.28 3 1
oxygen-fuse-fs/oxygenfs/requests.go:88.16,93.3 3 1
oxygen-fuse-fs/oxygenfs/requests.go:101.95,104.43 2 1
oxygen-fuse-fs/oxygenfs/requests.go:107.2,118.17 2 1
oxygen-fuse-fs/oxygenfs/requests.go:104.43,106.3 1 1
oxygen-fuse-fs/oxygenfs/requests.go:121.59,124.2 1 1
oxygen-fuse-fs/oxygenfs/requests.go:126.70,130.46 4 1
oxygen-fuse-fs/oxygenfs/requests.go:135.2,135.16 1 1
oxygen-fuse-fs/oxygenfs/requests.go:143.2,149.27 3 1
oxygen-fuse-fs/oxygenfs/requests.go:130.46,132.3 1 0
oxygen-fuse-fs/oxygenfs/requests.go:132.4,134.3 1 1
oxygen-fuse-fs/oxygenfs/requests.go:135.16,141.3 4 0
oxygen-fuse-fs/oxygenfs/requests.go:152.70,155.2 2 1
oxygen-fuse-fs/oxygenfs/requests.go:157.72,160.2 2 0
oxygen-fuse-fs/oxygenfs/requests.go:162.68,167.2 3 1
oxygen-fuse-fs/oxygenfs/resources.go:22.57,26.2 1 1
oxygen-fuse-fs/oxygenfs/resources.go:56.45,69.2 5 1
oxygen-fuse-fs/oxygenfs/resources.go:71.71,83.2 4 1
oxygen-fuse-fs/oxygenfs/resources.go:85.50,99.2 6 1
oxygen-fuse-fs/oxygenfs/resources.go:101.80,104.16 2 1
oxygen-fuse-fs/oxygenfs/resources.go:109.2,110.16 2 1
oxygen-fuse-fs/oxygenfs/resources.go:115.2,116.16 2 1
oxygen-fuse-fs/oxygenfs/resources.go:119.2,121.28 2 1
oxygen-fuse-fs/oxygenfs/resources.go:104.16,106.3 1 0
oxygen-fuse-fs/oxygenfs/resources.go:110.16,112.3 1 0
oxygen-fuse-fs/oxygenfs/resources.go:116.16,118.3 1 0
